[2014-08-19 20:23:20] kontentblocks.INFO: Update meta data {"key":"kb_last_backup"} []
[2014-08-19 20:23:20] kontentblocks.INFO: Update meta data {"key":"_module_2_1"} []
[2014-08-19 20:23:20] kontentblocks.INFO: Update meta data {"key":"kb_area_settings"} []
[2014-08-19 20:23:20] kontentblocks.INFO: Update meta data {"key":"kb_kontentblocks"} []
[2014-08-20 05:20:01] kontentblocks.INFO: Update meta data {"key":"kb_kontentblocks"} []
[2014-08-20 05:20:07] kontentblocks.INFO: Update meta data {"key":"_module_6_5"} []
[2014-08-20 05:20:07] kontentblocks.INFO: Update meta data {"key":"kb_kontentblocks"} []
[2014-08-20 06:40:31] kontentblocks.INFO: Update meta data {"key":"kb_last_backup"} []
[2014-08-20 06:40:32] kontentblocks.INFO: Update meta data {"key":"_module_6_1"} []
[2014-08-20 06:40:32] kontentblocks.INFO: Update meta data {"key":"kb_area_settings"} []
[2014-08-20 06:40:32] kontentblocks.INFO: Update meta data {"key":"_module_6_4"} []
[2014-08-20 06:40:32] kontentblocks.INFO: Update meta data {"key":"kb_area_settings"} []
[2014-08-20 06:40:32] kontentblocks.INFO: Update meta data {"key":"_module_6_3"} []
[2014-08-20 06:40:32] kontentblocks.INFO: Update meta data {"key":"_module_6_5"} []
[2014-08-20 06:40:32] kontentblocks.INFO: Update meta data {"key":"kb_area_settings"} []
[2014-08-20 06:40:32] kontentblocks.INFO: Update meta data {"key":"kb_kontentblocks"} []
[2014-08-20 06:42:34] kontentblocks.INFO: Data "update" called {"key":"kb_last_backup","value":1408516954} []
[2014-08-20 06:42:34] kontentblocks.INFO: Update meta data {"key":"kb_last_backup"} []
[2014-08-20 06:42:34] kontentblocks.INFO: Data "update" called {"key":"kb_kontentblocks","value":[]} []
[2014-08-20 06:42:34] kontentblocks.INFO: Update meta data {"key":"kb_kontentblocks"} []
[2014-08-20 06:50:16] kontentblocks.INFO: Data "update" called {"key":"_module_23_1","value":""} []
[2014-08-20 06:50:16] kontentblocks.INFO: Update meta data {"key":"_module_23_1"} []
[2014-08-20 06:50:16] kontentblocks.INFO: Data "update" called {"key":"kb_kontentblocks","value":{"module_23_1":{"state":{"active":true,"draft":true},"area":"homepage-content","master":null,"areaContext":"normal","template":null,"class":"ModuleBanner","master_id":null,"parentId":null,"viewfile":null,"instance_id":"module_23_1"}}} []
[2014-08-20 06:50:16] kontentblocks.INFO: Update meta data {"key":"kb_kontentblocks"} []
[2014-08-20 06:50:22] kontentblocks.INFO: Data "update" called {"key":"kb_last_backup","value":1408517422} []
[2014-08-20 06:50:22] kontentblocks.INFO: Update meta data {"key":"kb_last_backup"} []
[2014-08-20 06:50:22] kontentblocks.INFO: Data "update" called {"key":"_module_23_1","value":{"textcontent":"Hello","fields":null}} []
[2014-08-20 06:50:22] kontentblocks.INFO: Update meta data {"key":"_module_23_1"} []
[2014-08-20 06:50:22] kontentblocks.INFO: Data "update" called {"key":"kb_area_settings","value":null} []
[2014-08-20 06:50:22] kontentblocks.INFO: Update meta data {"key":"kb_area_settings"} []
[2014-08-20 06:50:22] kontentblocks.INFO: Data "update" called {"key":"kb_kontentblocks","value":{"module_23_1":{"state":{"active":true,"draft":false},"area":"homepage-content","master":null,"areaContext":"normal","template":null,"class":"ModuleBanner","master_id":null,"parentId":null,"viewfile":"default.twig","instance_id":"module_23_1","overrides":{"name":"Helios Banner"}}}} []
[2014-08-20 06:50:22] kontentblocks.INFO: Update meta data {"key":"kb_kontentblocks"} []
[2014-08-20 06:50:49] kontentblocks.INFO: Data "update" called {"key":"kb_last_backup","value":1408517449} []
[2014-08-20 06:50:49] kontentblocks.INFO: Update meta data {"key":"kb_last_backup"} []
[2014-08-20 06:50:49] kontentblocks.INFO: Data "update" called {"key":"kb_kontentblocks","value":[]} []
[2014-08-20 06:50:49] kontentblocks.INFO: Update meta data {"key":"kb_kontentblocks"} []
[2014-08-20 06:50:49] kontentblocks.INFO: Data "delete" called {"key":"_module_23_1"} []
[2014-08-20 07:41:52] kontentblocks.INFO: Update meta data {"key":"kb_last_backup"} []
[2014-08-20 07:41:52] kontentblocks.INFO: Update meta data {"key":"_module_78_3"} []
[2014-08-20 07:41:52] kontentblocks.INFO: Update meta data {"key":"kb_area_settings"} []
[2014-08-20 07:41:52] kontentblocks.INFO: Update meta data {"key":"kb_kontentblocks"} []
[2014-08-20 07:44:04] kontentblocks.INFO: Update meta data {"key":"kb_last_backup"} []
[2014-08-20 07:44:05] kontentblocks.INFO: Update meta data {"key":"_module_78_3"} []
[2014-08-20 07:44:05] kontentblocks.INFO: Update meta data {"key":"kb_area_settings"} []
[2014-08-20 07:44:05] kontentblocks.INFO: Update meta data {"key":"kb_kontentblocks"} []
[2014-08-20 07:49:47] kontentblocks.INFO: Update meta data {"key":"kb_last_backup"} []
[2014-08-20 07:49:47] kontentblocks.INFO: Update meta data {"key":"_module_2_1"} []
[2014-08-20 07:49:47] kontentblocks.INFO: Update meta data {"key":"kb_area_settings"} []
[2014-08-20 07:49:47] kontentblocks.INFO: Update meta data {"key":"kb_kontentblocks"} []
[2014-08-20 07:50:48] kontentblocks.INFO: Update meta data {"key":"kb_last_backup"} []
[2014-08-20 07:50:48] kontentblocks.INFO: Update meta data {"key":"_module_2_1"} []
[2014-08-20 07:50:48] kontentblocks.INFO: Update meta data {"key":"kb_area_settings"} []
[2014-08-20 07:50:48] kontentblocks.INFO: Update meta data {"key":"kb_kontentblocks"} []
[2014-08-20 07:53:47] kontentblocks.INFO: Update meta data {"key":"kb_last_backup"} []
[2014-08-20 07:53:47] kontentblocks.INFO: Update meta data {"key":"_module_2_1"} []
[2014-08-20 07:53:47] kontentblocks.INFO: Update meta data {"key":"kb_area_settings"} []
[2014-08-20 07:53:47] kontentblocks.INFO: Update meta data {"key":"kb_kontentblocks"} []
[2014-08-20 07:54:06] kontentblocks.INFO: Update meta data {"key":"kb_last_backup"} []
[2014-08-20 07:54:06] kontentblocks.INFO: Update meta data {"key":"_module_2_1"} []
[2014-08-20 07:54:06] kontentblocks.INFO: Update meta data {"key":"kb_area_settings"} []
[2014-08-20 07:54:06] kontentblocks.INFO: Update meta data {"key":"kb_kontentblocks"} []
[2014-08-20 07:54:57] kontentblocks.INFO: Update meta data {"key":"kb_last_backup"} []
[2014-08-20 07:54:57] kontentblocks.INFO: Update meta data {"key":"_module_2_1"} []
[2014-08-20 07:54:57] kontentblocks.INFO: Update meta data {"key":"kb_area_settings"} []
[2014-08-20 07:54:57] kontentblocks.INFO: Update meta data {"key":"kb_kontentblocks"} []
[2014-08-20 07:56:59] kontentblocks.INFO: Update meta data {"key":"kb_last_backup"} []
[2014-08-20 07:56:59] kontentblocks.INFO: Update meta data {"key":"_module_2_1"} []
[2014-08-20 07:56:59] kontentblocks.INFO: Update meta data {"key":"kb_area_settings"} []
[2014-08-20 07:56:59] kontentblocks.INFO: Update meta data {"key":"kb_kontentblocks"} []
[2014-08-20 08:14:09] kontentblocks.INFO: Update meta data {"key":"kb_last_backup"} []
[2014-08-20 08:14:09] kontentblocks.INFO: Update meta data {"key":"_module_2_1"} []
[2014-08-20 08:14:09] kontentblocks.INFO: Update meta data {"key":"kb_area_settings"} []
[2014-08-20 08:14:09] kontentblocks.INFO: Update meta data {"key":"kb_kontentblocks"} []
[2014-08-20 08:14:12] kontentblocks.INFO: Update meta data {"key":"kb_last_backup"} []
[2014-08-20 08:17:30] kontentblocks.INFO: Update meta data {"key":"kb_last_backup"} []
[2014-08-20 08:17:31] kontentblocks.INFO: Update meta data {"key":"_module_2_1"} []
[2014-08-20 08:17:31] kontentblocks.INFO: Update meta data {"key":"kb_area_settings"} []
[2014-08-20 08:17:31] kontentblocks.INFO: Update meta data {"key":"kb_kontentblocks"} []
[2014-08-20 08:18:37] kontentblocks.INFO: Update meta data {"key":"kb_last_backup"} []
[2014-08-20 08:18:37] kontentblocks.INFO: Update meta data {"key":"_module_2_1"} []
[2014-08-20 08:18:37] kontentblocks.INFO: Update meta data {"key":"kb_area_settings"} []
[2014-08-20 08:18:37] kontentblocks.INFO: Update meta data {"key":"kb_kontentblocks"} []
[2014-08-20 08:19:02] kontentblocks.INFO: Update meta data {"key":"kb_last_backup"} []
[2014-08-20 08:19:02] kontentblocks.INFO: Update meta data {"key":"_module_2_1"} []
[2014-08-20 08:19:02] kontentblocks.INFO: Update meta data {"key":"kb_area_settings"} []
[2014-08-20 08:19:02] kontentblocks.INFO: Update meta data {"key":"kb_kontentblocks"} []
[2014-08-20 08:21:36] kontentblocks.INFO: Update meta data {"key":"kb_last_backup"} []
[2014-08-20 08:21:36] kontentblocks.INFO: Update meta data {"key":"_module_2_1"} []
[2014-08-20 08:21:36] kontentblocks.INFO: Update meta data {"key":"kb_area_settings"} []
[2014-08-20 08:21:36] kontentblocks.INFO: Update meta data {"key":"kb_kontentblocks"} []
[2014-08-20 09:38:34] kontentblocks.INFO: Update meta data {"key":"kb_last_backup"} []
[2014-08-20 09:38:34] kontentblocks.INFO: Update meta data {"key":"_module_2_1"} []
[2014-08-20 09:38:34] kontentblocks.INFO: Update meta data {"key":"kb_area_settings"} []
[2014-08-20 09:38:34] kontentblocks.INFO: Update meta data {"key":"kb_kontentblocks"} []
[2014-08-20 19:01:31] kontentblocks.INFO: Update meta data {"key":"_module_6_1"} []
[2014-08-20 19:01:31] kontentblocks.INFO: Update meta data {"key":"kb_kontentblocks"} []
[2014-08-20 19:01:34] kontentblocks.INFO: Update meta data {"key":"kb_last_backup"} []
[2014-08-20 19:01:34] kontentblocks.INFO: Update meta data {"key":"kb_kontentblocks"} []
[2014-08-20 19:01:42] kontentblocks.INFO: Update meta data {"key":"kb_last_backup"} []
[2014-08-20 19:01:42] kontentblocks.INFO: Update meta data {"key":"kb_kontentblocks"} []
[2014-08-20 19:01:46] kontentblocks.INFO: Update meta data {"key":"_module_6_1"} []
[2014-08-20 19:01:46] kontentblocks.INFO: Update meta data {"key":"kb_kontentblocks"} []
[2014-08-20 19:02:23] kontentblocks.INFO: Update meta data {"key":"_module_6_1"} []
[2014-08-20 19:02:23] kontentblocks.INFO: Update meta data {"key":"kb_kontentblocks"} []
[2014-08-20 19:02:46] kontentblocks.INFO: Update meta data {"key":"kb_last_backup"} []
[2014-08-20 19:02:46] kontentblocks.INFO: Update meta data {"key":"kb_kontentblocks"} []
[2014-08-20 19:02:51] kontentblocks.INFO: Update meta data {"key":"_module_48_1"} []
[2014-08-20 19:02:51] kontentblocks.INFO: Update meta data {"key":"kb_kontentblocks"} []
[2014-08-20 19:02:55] kontentblocks.INFO: Update meta data {"key":"kb_last_backup"} []
[2014-08-20 19:02:55] kontentblocks.INFO: Update meta data {"key":"kb_kontentblocks"} []
[2014-08-20 19:03:05] kontentblocks.INFO: Update meta data {"key":"_module_48_1"} []
[2014-08-20 19:03:05] kontentblocks.INFO: Update meta data {"key":"kb_kontentblocks"} []
[2014-08-20 19:03:12] kontentblocks.INFO: Update meta data {"key":"kb_last_backup"} []
[2014-08-20 19:03:12] kontentblocks.INFO: Update meta data {"key":"kb_kontentblocks"} []
[2014-08-20 19:04:05] kontentblocks.INFO: Update meta data {"key":"_module_48_1"} []
[2014-08-20 19:04:05] kontentblocks.INFO: Update meta data {"key":"kb_kontentblocks"} []
[2014-08-20 19:05:11] kontentblocks.INFO: Update meta data {"key":"_module_48_1"} []
[2014-08-20 19:05:11] kontentblocks.INFO: Update meta data {"key":"kb_kontentblocks"} []
[2014-08-20 19:05:18] kontentblocks.INFO: Update meta data {"key":"_module_48_1"} []
[2014-08-20 19:05:18] kontentblocks.INFO: Update meta data {"key":"kb_kontentblocks"} []
[2014-08-20 19:10:20] kontentblocks.INFO: Update meta data {"key":"kb_last_backup"} []
[2014-08-20 19:10:20] kontentblocks.INFO: Update meta data {"key":"_module_48_1"} []
[2014-08-20 19:10:20] kontentblocks.INFO: Update meta data {"key":"kb_area_settings"} []
[2014-08-20 19:10:20] kontentblocks.INFO: Update meta data {"key":"kb_kontentblocks"} []
[2014-08-21 06:32:34] kontentblocks.INFO: Update meta data {"key":"_module_48_1"} []
[2014-08-25 06:33:07] kontentblocks.INFO: Update meta data {"key":"_module_77_5"} []
[2014-08-25 06:33:07] kontentblocks.INFO: Update meta data {"key":"kb_kontentblocks"} []
